2021-Jun-13 04:19:59.143893 [info] - Request success! Response code: 200
2021-Jun-15 12:05:01.759336 [info] - Request success! Response code: 200
2021-Jun-19 21:00:13.357685 [error] - Request failed: 'Timeout was reached'
2021-Jun-24 17:00:13.376848 [info] - Request success! Response code: 200, previous error count: 2
2021-Jun-28 12:39:06.009989 [error] - Request error! Response code: 400
2021-Jul-15 11:26:26.808956 [info] - Request success! Response code: 200, previous error count: 5
2021-Jul-16 10:52:41.920160 [info] - Request success! Response code: 200
2021-Jul-19 09:01:59.144937 [info] - Request success! Response code: 200
2021-Jul-19 10:03:36.797271 [info] - Request success! Response code: 200
2021-Jul-19 11:04:31.019284 [info] - Request success! Response code: 200
2021-Jul-19 12:05:13.261055 [info] - Request success! Response code: 200
2021-Jul-24 09:37:13.856899 [info] - Request success! Response code: 200
2021-Jul-26 11:49:27.639136 [info] - Request success! Response code: 200
2021-Jul-30 12:15:39.745308 [error] - Request error! Response code: 400
2021-Jul-30 12:37:24.937778 [info] - Request success! Response code: 200, previous error count: 2
2021-Jul-30 13:38:47.698939 [info] - Request success! Response code: 200
2021-Jul-30 14:45:21.130747 [info] - Request success! Response code: 200
2021-Jul-30 16:00:58.416345 [info] - Request success! Response code: 200
2021-Jul-31 11:57:24.290848 [info] - Request success! Response code: 200
2021-Aug-01 11:29:12.289675 [info] - Request success! Response code: 200
2021-Aug-01 12:29:34.379341 [info] - Request success! Response code: 200
2021-Aug-01 13:30:04.293577 [info] - Request success! Response code: 200
2021-Aug-01 14:30:26.565038 [info] - Request success! Response code: 200
2021-Aug-02 11:29:13.272678 [info] - Request success! Response code: 200
2021-Aug-09 14:46:05.277166 [info] - Request success! Response code: 200
2021-Aug-09 15:46:45.164175 [info] - Request success! Response code: 200
2021-Aug-09 16:46:57.072556 [info] - Request success! Response code: 200
2021-Aug-17 19:00:02.014728 [error] - Request error! Response code: 400
2021-Aug-19 12:28:52.927859 [info] - Request success! Response code: 200, previous error count: 5
2021-Aug-19 13:29:58.731633 [info] - Request success! Response code: 200
2021-Aug-19 14:30:46.542203 [info] - Request success! Response code: 200
2021-Aug-19 15:30:48.678135 [info] - Request success! Response code: 200
2021-Aug-19 16:32:15.059365 [info] - Request success! Response code: 200
2021-Aug-19 17:32:55.824306 [info] - Request success! Response code: 200
2021-Aug-19 18:33:31.489693 [info] - Request success! Response code: 200
2021-Aug-21 12:08:16.963095 [error] - Request failed: 'Timeout was reached'
2021-Aug-21 12:15:41.037048 [info] - Request success! Response code: 200, previous error count: 1
2021-Aug-21 15:21:12.787044 [info] - Request success! Response code: 200
2021-Aug-21 19:40:35.898901 [info] - Request success! Response code: 200
2021-Aug-22 08:21:52.481857 [info] - Request success! Response code: 200
2021-Aug-22 09:44:41.119512 [info] - Request success! Response code: 200
2021-Aug-22 10:52:20.145336 [info] - Request success! Response code: 200
2021-Aug-22 12:00:03.482850 [info] - Request success! Response code: 200
2021-Aug-22 13:07:35.803958 [info] - Request success! Response code: 200
2021-Aug-22 14:15:12.798325 [info] - Request success! Response code: 200
2021-Aug-22 15:22:43.935012 [info] - Request success! Response code: 200
2021-Aug-31 10:58:02.673592 [info] - Request success! Response code: 200
2021-Sep-01 16:06:04.933693 [info] - Request success! Response code: 200
2021-Sep-01 17:13:36.550231 [info] - Request success! Response code: 200
2021-Sep-01 18:17:32.611205 [info] - Request success! Response code: 200
2021-Sep-02 12:00:32.244357 [info] - Request success! Response code: 200
2021-Sep-02 13:07:29.120627 [error] - Request error! Response code: 400
2022-Feb-27 14:13:58.287542 [info] - Request success! Response code: 200, previous error count: 21
2022-Feb-27 15:15:04.934628 [info] - Request success! Response code: 200
2022-Feb-27 16:17:03.309200 [info] - Request success! Response code: 200
2022-Feb-27 17:29:34.108292 [info] - Request success! Response code: 200
2022-Mar-01 11:25:45.357219 [info] - Request success! Response code: 200
2022-Mar-01 12:25:57.174759 [info] - Request success! Response code: 200
2022-Mar-01 13:36:23.979077 [info] - Request success! Response code: 200
2022-Mar-01 14:37:11.887574 [info] - Request success! Response code: 200
2022-Mar-01 15:56:11.641087 [info] - Request success! Response code: 200
2022-Mar-01 16:56:50.999532 [info] - Request success! Response code: 200
2022-Mar-01 17:56:57.850782 [info] - Request success! Response code: 200
2022-Mar-02 12:41:10.058063 [info] - Request success! Response code: 200
2022-Mar-02 17:04:44.822568 [info] - Request success! Response code: 200
2022-Mar-03 14:21:04.655861 [error] - Request failed: 'Timeout was reached'
2022-Mar-03 15:33:35.877835 [info] - Request success! Response code: 200, previous error count: 2
2022-Mar-03 18:00:19.030038 [info] - Request success! Response code: 200
2022-Mar-05 12:57:37.530429 [info] - Request success! Response code: 200
2022-Mar-05 13:57:46.868096 [info] - Request success! Response code: 200
2022-Mar-06 13:38:06.511560 [info] - Request success! Response code: 200
2022-Mar-06 14:38:40.707712 [info] - Request success! Response code: 200
2022-Mar-06 15:50:05.858830 [info] - Request success! Response code: 200
2022-Mar-06 17:10:55.513800 [info] - Request success! Response code: 200
